{"C:\\Users\\morga\\c_notes\\extensible_markdown\\emdx.js": {"path":"C:\\Users\\morga\\c_notes\\extensible_markdown\\emdx.js","statementMap":{"0":{"start":{"line":10,"column":8},"end":{"line":10,"column":32}},"1":{"start":{"line":11,"column":8},"end":{"line":11,"column":48}},"2":{"start":{"line":15,"column":8},"end":{"line":15,"column":35}},"3":{"start":{"line":20,"column":26},"end":{"line":20,"column":86}},"4":{"start":{"line":20,"column":73},"end":{"line":20,"column":84}},"5":{"start":{"line":21,"column":23},"end":{"line":21,"column":43}},"6":{"start":{"line":24,"column":23},"end":{"line":24,"column":61}},"7":{"start":{"line":25,"column":29},"end":{"line":25,"column":43}},"8":{"start":{"line":28,"column":8},"end":{"line":28,"column":55}},"9":{"start":{"line":28,"column":28},"end":{"line":28,"column":55}},"10":{"start":{"line":31,"column":23},"end":{"line":31,"column":98}},"11":{"start":{"line":32,"column":8},"end":{"line":32,"column":22}}},"fnMap":{"0":{"name":"(anonymous_0)","decl":{"start":{"line":9,"column":4},"end":{"line":9,"column":5}},"loc":{"start":{"line":9,"column":28},"end":{"line":12,"column":5}},"line":9},"1":{"name":"(anonymous_1)","decl":{"start":{"line":14,"column":4},"end":{"line":14,"column":5}},"loc":{"start":{"line":14,"column":27},"end":{"line":16,"column":5}},"line":14},"2":{"name":"(anonymous_2)","decl":{"start":{"line":18,"column":4},"end":{"line":18,"column":5}},"loc":{"start":{"line":18,"column":61},"end":{"line":33,"column":5}},"line":18},"3":{"name":"(anonymous_3)","decl":{"start":{"line":20,"column":63},"end":{"line":20,"column":64}},"loc":{"start":{"line":20,"column":73},"end":{"line":20,"column":84}},"line":20}},"branchMap":{"0":{"loc":{"start":{"line":9,"column":16},"end":{"line":9,"column":26}},"type":"default-arg","locations":[{"start":{"line":9,"column":24},"end":{"line":9,"column":26}}],"line":9},"1":{"loc":{"start":{"line":18,"column":19},"end":{"line":18,"column":37}},"type":"default-arg","locations":[{"start":{"line":18,"column":35},"end":{"line":18,"column":37}}],"line":18},"2":{"loc":{"start":{"line":18,"column":39},"end":{"line":18,"column":59}},"type":"default-arg","locations":[{"start":{"line":18,"column":55},"end":{"line":18,"column":59}}],"line":18},"3":{"loc":{"start":{"line":28,"column":8},"end":{"line":28,"column":55}},"type":"if","locations":[{"start":{"line":28,"column":8},"end":{"line":28,"column":55}},{"start":{},"end":{}}],"line":28},"4":{"loc":{"start":{"line":31,"column":61},"end":{"line":31,"column":97}},"type":"binary-expr","locations":[{"start":{"line":31,"column":61},"end":{"line":31,"column":80}},{"start":{"line":31,"column":84},"end":{"line":31,"column":97}}],"line":31}},"s":{"0":5,"1":5,"2":0,"3":5,"4":5,"5":5,"6":5,"7":5,"8":5,"9":2,"10":3,"11":3},"f":{"0":5,"1":0,"2":5,"3":5},"b":{"0":[5],"1":[2],"2":[2],"3":[2,3],"4":[3,3]},"_coverageSchema":"1a1c01bbd47fc00a2c39e90264f33305004495a9","hash":"07f1f5f4f3b150cee84d8f25c1bb15b9c5c5ceb4"}
,"C:\\Users\\morga\\c_notes\\extensible_markdown\\src\\DocTypePlugin.js": {"path":"C:\\Users\\morga\\c_notes\\extensible_markdown\\src\\DocTypePlugin.js","statementMap":{"0":{"start":{"line":8,"column":8},"end":{"line":8,"column":76}}},"fnMap":{"0":{"name":"(anonymous_0)","decl":{"start":{"line":7,"column":4},"end":{"line":7,"column":5}},"loc":{"start":{"line":7,"column":29},"end":{"line":9,"column":5}},"line":7}},"branchMap":{},"s":{"0":0},"f":{"0":0},"b":{},"_coverageSchema":"1a1c01bbd47fc00a2c39e90264f33305004495a9","hash":"30d6115fa880470131c7df95f5eaa2d0882fd3d0"}
,"C:\\Users\\morga\\c_notes\\extensible_markdown\\src\\Parser.js": {"path":"C:\\Users\\morga\\c_notes\\extensible_markdown\\src\\Parser.js","statementMap":{"0":{"start":{"line":23,"column":8},"end":{"line":23,"column":30}},"1":{"start":{"line":24,"column":8},"end":{"line":24,"column":32}},"2":{"start":{"line":25,"column":8},"end":{"line":25,"column":24}},"3":{"start":{"line":26,"column":8},"end":{"line":26,"column":26}},"4":{"start":{"line":27,"column":8},"end":{"line":27,"column":38}},"5":{"start":{"line":28,"column":8},"end":{"line":28,"column":41}},"6":{"start":{"line":29,"column":8},"end":{"line":29,"column":34}},"7":{"start":{"line":30,"column":8},"end":{"line":37,"column":34}},"8":{"start":{"line":41,"column":25},"end":{"line":41,"column":51}},"9":{"start":{"line":45,"column":8},"end":{"line":45,"column":89}},"10":{"start":{"line":45,"column":58},"end":{"line":45,"column":89}},"11":{"start":{"line":50,"column":23},"end":{"line":50,"column":25}},"12":{"start":{"line":51,"column":21},"end":{"line":51,"column":23}},"13":{"start":{"line":54,"column":8},"end":{"line":54,"column":58}},"14":{"start":{"line":54,"column":32},"end":{"line":54,"column":58}},"15":{"start":{"line":57,"column":8},"end":{"line":62,"column":9}},"16":{"start":{"line":58,"column":27},"end":{"line":58,"column":79}},"17":{"start":{"line":58,"column":54},"end":{"line":58,"column":78}},"18":{"start":{"line":59,"column":12},"end":{"line":61,"column":83}},"19":{"start":{"line":59,"column":42},"end":{"line":59,"column":90}},"20":{"start":{"line":60,"column":17},"end":{"line":61,"column":83}},"21":{"start":{"line":60,"column":29},"end":{"line":60,"column":73}},"22":{"start":{"line":61,"column":17},"end":{"line":61,"column":83}},"23":{"start":{"line":63,"column":8},"end":{"line":63,"column":29}},"24":{"start":{"line":68,"column":8},"end":{"line":68,"column":62}},"25":{"start":{"line":72,"column":8},"end":{"line":72,"column":87}},"26":{"start":{"line":76,"column":8},"end":{"line":76,"column":43}},"27":{"start":{"line":80,"column":8},"end":{"line":80,"column":45}},"28":{"start":{"line":80,"column":29},"end":{"line":80,"column":45}},"29":{"start":{"line":81,"column":8},"end":{"line":81,"column":31}},"30":{"start":{"line":85,"column":8},"end":{"line":85,"column":44}},"31":{"start":{"line":85,"column":32},"end":{"line":85,"column":44}},"32":{"start":{"line":86,"column":8},"end":{"line":86,"column":47}},"33":{"start":{"line":90,"column":8},"end":{"line":90,"column":41}},"34":{"start":{"line":90,"column":28},"end":{"line":90,"column":41}},"35":{"start":{"line":91,"column":8},"end":{"line":91,"column":51}},"36":{"start":{"line":95,"column":8},"end":{"line":95,"column":89}},"37":{"start":{"line":95,"column":76},"end":{"line":95,"column":89}},"38":{"start":{"line":96,"column":8},"end":{"line":96,"column":76}},"39":{"start":{"line":100,"column":8},"end":{"line":100,"column":57}},"40":{"start":{"line":100,"column":35},"end":{"line":100,"column":57}},"41":{"start":{"line":101,"column":8},"end":{"line":101,"column":30}},"42":{"start":{"line":102,"column":8},"end":{"line":102,"column":21}},"43":{"start":{"line":111,"column":8},"end":{"line":123,"column":9}},"44":{"start":{"line":113,"column":12},"end":{"line":113,"column":54}},"45":{"start":{"line":114,"column":28},"end":{"line":114,"column":84}},"46":{"start":{"line":115,"column":38},"end":{"line":115,"column":109}},"47":{"start":{"line":118,"column":12},"end":{"line":118,"column":98}},"48":{"start":{"line":118,"column":50},"end":{"line":118,"column":98}},"49":{"start":{"line":121,"column":12},"end":{"line":121,"column":54}},"50":{"start":{"line":122,"column":12},"end":{"line":122,"column":44}},"51":{"start":{"line":125,"column":8},"end":{"line":125,"column":36}},"52":{"start":{"line":129,"column":26},"end":{"line":129,"column":113}},"53":{"start":{"line":130,"column":27},"end":{"line":130,"column":44}},"54":{"start":{"line":131,"column":19},"end":{"line":131,"column":23}},"55":{"start":{"line":133,"column":8},"end":{"line":135,"column":9}},"56":{"start":{"line":134,"column":12},"end":{"line":134,"column":38}},"57":{"start":{"line":137,"column":8},"end":{"line":141,"column":9}},"58":{"start":{"line":139,"column":12},"end":{"line":139,"column":54}},"59":{"start":{"line":140,"column":12},"end":{"line":140,"column":40}},"60":{"start":{"line":143,"column":8},"end":{"line":148,"column":9}},"61":{"start":{"line":152,"column":27},"end":{"line":152,"column":29}},"62":{"start":{"line":154,"column":8},"end":{"line":183,"column":9}},"63":{"start":{"line":156,"column":30},"end":{"line":159,"column":13}},"64":{"start":{"line":162,"column":12},"end":{"line":162,"column":109}},"65":{"start":{"line":162,"column":68},"end":{"line":162,"column":109}},"66":{"start":{"line":165,"column":32},"end":{"line":165,"column":88}},"67":{"start":{"line":166,"column":12},"end":{"line":166,"column":128}},"68":{"start":{"line":166,"column":81},"end":{"line":166,"column":113}},"69":{"start":{"line":166,"column":114},"end":{"line":166,"column":126}},"70":{"start":{"line":169,"column":31},"end":{"line":169,"column":103}},"71":{"start":{"line":170,"column":12},"end":{"line":170,"column":78}},"72":{"start":{"line":170,"column":31},"end":{"line":170,"column":63}},"73":{"start":{"line":170,"column":64},"end":{"line":170,"column":76}},"74":{"start":{"line":173,"column":12},"end":{"line":173,"column":114}},"75":{"start":{"line":173,"column":70},"end":{"line":173,"column":112}},"76":{"start":{"line":176,"column":12},"end":{"line":176,"column":81}},"77":{"start":{"line":176,"column":34},"end":{"line":176,"column":66}},"78":{"start":{"line":176,"column":67},"end":{"line":176,"column":79}},"79":{"start":{"line":178,"column":33},"end":{"line":178,"column":104}},"80":{"start":{"line":179,"column":12},"end":{"line":179,"column":80}},"81":{"start":{"line":179,"column":33},"end":{"line":179,"column":65}},"82":{"start":{"line":179,"column":66},"end":{"line":179,"column":78}},"83":{"start":{"line":182,"column":12},"end":{"line":182,"column":39}},"84":{"start":{"line":186,"column":8},"end":{"line":189,"column":9}},"85":{"start":{"line":187,"column":12},"end":{"line":187,"column":44}},"86":{"start":{"line":188,"column":12},"end":{"line":188,"column":24}},"87":{"start":{"line":190,"column":8},"end":{"line":190,"column":26}},"88":{"start":{"line":194,"column":20},"end":{"line":194,"column":22}},"89":{"start":{"line":195,"column":25},"end":{"line":195,"column":26}},"90":{"start":{"line":196,"column":26},"end":{"line":196,"column":98}},"91":{"start":{"line":197,"column":25},"end":{"line":197,"column":29}},"92":{"start":{"line":199,"column":8},"end":{"line":209,"column":9}},"93":{"start":{"line":200,"column":26},"end":{"line":200,"column":40}},"94":{"start":{"line":201,"column":12},"end":{"line":202,"column":78}},"95":{"start":{"line":201,"column":59},"end":{"line":201,"column":72}},"96":{"start":{"line":202,"column":17},"end":{"line":202,"column":78}},"97":{"start":{"line":202,"column":65},"end":{"line":202,"column":78}},"98":{"start":{"line":205,"column":12},"end":{"line":205,"column":53}},"99":{"start":{"line":205,"column":34},"end":{"line":205,"column":53}},"100":{"start":{"line":208,"column":12},"end":{"line":208,"column":55}},"101":{"start":{"line":208,"column":32},"end":{"line":208,"column":55}},"102":{"start":{"line":211,"column":8},"end":{"line":212,"column":33}},"103":{"start":{"line":211,"column":27},"end":{"line":211,"column":59}},"104":{"start":{"line":211,"column":60},"end":{"line":211,"column":72}},"105":{"start":{"line":212,"column":13},"end":{"line":212,"column":33}},"106":{"start":{"line":216,"column":30},"end":{"line":219,"column":9}},"107":{"start":{"line":220,"column":8},"end":{"line":220,"column":50}},"108":{"start":{"line":221,"column":8},"end":{"line":223,"column":9}},"109":{"start":{"line":222,"column":12},"end":{"line":222,"column":58}},"110":{"start":{"line":224,"column":8},"end":{"line":224,"column":41}},"111":{"start":{"line":225,"column":8},"end":{"line":225,"column":29}}},"fnMap":{"0":{"name":"(anonymous_0)","decl":{"start":{"line":22,"column":4},"end":{"line":22,"column":5}},"loc":{"start":{"line":22,"column":51},"end":{"line":39,"column":5}},"line":22},"1":{"name":"(anonymous_1)","decl":{"start":{"line":41,"column":4},"end":{"line":41,"column":5}},"loc":{"start":{"line":41,"column":23},"end":{"line":41,"column":53}},"line":41},"2":{"name":"(anonymous_2)","decl":{"start":{"line":43,"column":4},"end":{"line":43,"column":5}},"loc":{"start":{"line":43,"column":12},"end":{"line":64,"column":5}},"line":43},"3":{"name":"(anonymous_3)","decl":{"start":{"line":58,"column":46},"end":{"line":58,"column":47}},"loc":{"start":{"line":58,"column":54},"end":{"line":58,"column":78}},"line":58},"4":{"name":"(anonymous_4)","decl":{"start":{"line":66,"column":4},"end":{"line":66,"column":5}},"loc":{"start":{"line":66,"column":23},"end":{"line":69,"column":5}},"line":66},"5":{"name":"(anonymous_5)","decl":{"start":{"line":71,"column":4},"end":{"line":71,"column":5}},"loc":{"start":{"line":71,"column":14},"end":{"line":73,"column":5}},"line":71},"6":{"name":"(anonymous_6)","decl":{"start":{"line":75,"column":4},"end":{"line":75,"column":5}},"loc":{"start":{"line":75,"column":11},"end":{"line":77,"column":5}},"line":75},"7":{"name":"(anonymous_7)","decl":{"start":{"line":79,"column":4},"end":{"line":79,"column":5}},"loc":{"start":{"line":79,"column":14},"end":{"line":82,"column":5}},"line":79},"8":{"name":"(anonymous_8)","decl":{"start":{"line":84,"column":4},"end":{"line":84,"column":5}},"loc":{"start":{"line":84,"column":15},"end":{"line":87,"column":5}},"line":84},"9":{"name":"(anonymous_9)","decl":{"start":{"line":89,"column":4},"end":{"line":89,"column":5}},"loc":{"start":{"line":89,"column":21},"end":{"line":92,"column":5}},"line":89},"10":{"name":"(anonymous_10)","decl":{"start":{"line":94,"column":4},"end":{"line":94,"column":5}},"loc":{"start":{"line":94,"column":33},"end":{"line":97,"column":5}},"line":94},"11":{"name":"(anonymous_11)","decl":{"start":{"line":99,"column":4},"end":{"line":99,"column":5}},"loc":{"start":{"line":99,"column":32},"end":{"line":103,"column":5}},"line":99},"12":{"name":"(anonymous_12)","decl":{"start":{"line":109,"column":4},"end":{"line":109,"column":5}},"loc":{"start":{"line":109,"column":12},"end":{"line":126,"column":5}},"line":109},"13":{"name":"(anonymous_13)","decl":{"start":{"line":128,"column":4},"end":{"line":128,"column":5}},"loc":{"start":{"line":128,"column":40},"end":{"line":149,"column":5}},"line":128},"14":{"name":"(anonymous_14)","decl":{"start":{"line":151,"column":4},"end":{"line":151,"column":5}},"loc":{"start":{"line":151,"column":17},"end":{"line":191,"column":5}},"line":151},"15":{"name":"(anonymous_15)","decl":{"start":{"line":193,"column":4},"end":{"line":193,"column":5}},"loc":{"start":{"line":193,"column":18},"end":{"line":213,"column":5}},"line":193},"16":{"name":"(anonymous_16)","decl":{"start":{"line":215,"column":4},"end":{"line":215,"column":5}},"loc":{"start":{"line":215,"column":20},"end":{"line":226,"column":5}},"line":215}},"branchMap":{"0":{"loc":{"start":{"line":22,"column":16},"end":{"line":22,"column":27}},"type":"default-arg","locations":[{"start":{"line":22,"column":25},"end":{"line":22,"column":27}}],"line":22},"1":{"loc":{"start":{"line":22,"column":29},"end":{"line":22,"column":41}},"type":"default-arg","locations":[{"start":{"line":22,"column":39},"end":{"line":22,"column":41}}],"line":22},"2":{"loc":{"start":{"line":22,"column":43},"end":{"line":22,"column":49}},"type":"default-arg","locations":[{"start":{"line":22,"column":47},"end":{"line":22,"column":49}}],"line":22},"3":{"loc":{"start":{"line":45,"column":8},"end":{"line":45,"column":89}},"type":"if","locations":[{"start":{"line":45,"column":8},"end":{"line":45,"column":89}},{"start":{},"end":{}}],"line":45},"4":{"loc":{"start":{"line":45,"column":12},"end":{"line":45,"column":56}},"type":"binary-expr","locations":[{"start":{"line":45,"column":12},"end":{"line":45,"column":26}},{"start":{"line":45,"column":30},"end":{"line":45,"column":56}}],"line":45},"5":{"loc":{"start":{"line":59,"column":12},"end":{"line":61,"column":83}},"type":"if","locations":[{"start":{"line":59,"column":12},"end":{"line":61,"column":83}},{"start":{"line":60,"column":17},"end":{"line":61,"column":83}}],"line":59},"6":{"loc":{"start":{"line":60,"column":17},"end":{"line":61,"column":83}},"type":"if","locations":[{"start":{"line":60,"column":17},"end":{"line":61,"column":83}},{"start":{"line":61,"column":17},"end":{"line":61,"column":83}}],"line":60},"7":{"loc":{"start":{"line":72,"column":15},"end":{"line":72,"column":86}},"type":"binary-expr","locations":[{"start":{"line":72,"column":15},"end":{"line":72,"column":51}},{"start":{"line":72,"column":55},"end":{"line":72,"column":86}}],"line":72},"8":{"loc":{"start":{"line":80,"column":8},"end":{"line":80,"column":45}},"type":"if","locations":[{"start":{"line":80,"column":8},"end":{"line":80,"column":45}},{"start":{},"end":{}}],"line":80},"9":{"loc":{"start":{"line":85,"column":8},"end":{"line":85,"column":44}},"type":"if","locations":[{"start":{"line":85,"column":8},"end":{"line":85,"column":44}},{"start":{},"end":{}}],"line":85},"10":{"loc":{"start":{"line":90,"column":8},"end":{"line":90,"column":41}},"type":"if","locations":[{"start":{"line":90,"column":8},"end":{"line":90,"column":41}},{"start":{},"end":{}}],"line":90},"11":{"loc":{"start":{"line":95,"column":8},"end":{"line":95,"column":89}},"type":"if","locations":[{"start":{"line":95,"column":8},"end":{"line":95,"column":89}},{"start":{},"end":{}}],"line":95},"12":{"loc":{"start":{"line":95,"column":12},"end":{"line":95,"column":74}},"type":"binary-expr","locations":[{"start":{"line":95,"column":12},"end":{"line":95,"column":56}},{"start":{"line":95,"column":60},"end":{"line":95,"column":74}}],"line":95},"13":{"loc":{"start":{"line":100,"column":8},"end":{"line":100,"column":57}},"type":"if","locations":[{"start":{"line":100,"column":8},"end":{"line":100,"column":57}},{"start":{},"end":{}}],"line":100},"14":{"loc":{"start":{"line":111,"column":8},"end":{"line":123,"column":9}},"type":"if","locations":[{"start":{"line":111,"column":8},"end":{"line":123,"column":9}},{"start":{},"end":{}}],"line":111},"15":{"loc":{"start":{"line":111,"column":12},"end":{"line":111,"column":87}},"type":"binary-expr","locations":[{"start":{"line":111,"column":12},"end":{"line":111,"column":36}},{"start":{"line":111,"column":40},"end":{"line":111,"column":87}}],"line":111},"16":{"loc":{"start":{"line":118,"column":12},"end":{"line":118,"column":98}},"type":"if","locations":[{"start":{"line":118,"column":12},"end":{"line":118,"column":98}},{"start":{},"end":{}}],"line":118},"17":{"loc":{"start":{"line":133,"column":8},"end":{"line":135,"column":9}},"type":"if","locations":[{"start":{"line":133,"column":8},"end":{"line":135,"column":9}},{"start":{},"end":{}}],"line":133},"18":{"loc":{"start":{"line":133,"column":12},"end":{"line":133,"column":73}},"type":"binary-expr","locations":[{"start":{"line":133,"column":12},"end":{"line":133,"column":37}},{"start":{"line":133,"column":41},"end":{"line":133,"column":73}}],"line":133},"19":{"loc":{"start":{"line":137,"column":8},"end":{"line":141,"column":9}},"type":"if","locations":[{"start":{"line":137,"column":8},"end":{"line":141,"column":9}},{"start":{},"end":{}}],"line":137},"20":{"loc":{"start":{"line":154,"column":15},"end":{"line":154,"column":68}},"type":"binary-expr","locations":[{"start":{"line":154,"column":15},"end":{"line":154,"column":30}},{"start":{"line":154,"column":34},"end":{"line":154,"column":68}}],"line":154},"21":{"loc":{"start":{"line":162,"column":19},"end":{"line":162,"column":66}},"type":"binary-expr","locations":[{"start":{"line":162,"column":19},"end":{"line":162,"column":34}},{"start":{"line":162,"column":38},"end":{"line":162,"column":66}}],"line":162},"22":{"loc":{"start":{"line":166,"column":12},"end":{"line":166,"column":128}},"type":"if","locations":[{"start":{"line":166,"column":12},"end":{"line":166,"column":128}},{"start":{},"end":{}}],"line":166},"23":{"loc":{"start":{"line":166,"column":16},"end":{"line":166,"column":77}},"type":"binary-expr","locations":[{"start":{"line":166,"column":16},"end":{"line":166,"column":28}},{"start":{"line":166,"column":32},"end":{"line":166,"column":59}},{"start":{"line":166,"column":63},"end":{"line":166,"column":77}}],"line":166},"24":{"loc":{"start":{"line":170,"column":12},"end":{"line":170,"column":78}},"type":"if","locations":[{"start":{"line":170,"column":12},"end":{"line":170,"column":78}},{"start":{},"end":{}}],"line":170},"25":{"loc":{"start":{"line":173,"column":19},"end":{"line":173,"column":66}},"type":"binary-expr","locations":[{"start":{"line":173,"column":19},"end":{"line":173,"column":34}},{"start":{"line":173,"column":38},"end":{"line":173,"column":66}}],"line":173},"26":{"loc":{"start":{"line":176,"column":12},"end":{"line":176,"column":81}},"type":"if","locations":[{"start":{"line":176,"column":12},"end":{"line":176,"column":81}},{"start":{},"end":{}}],"line":176},"27":{"loc":{"start":{"line":179,"column":12},"end":{"line":179,"column":80}},"type":"if","locations":[{"start":{"line":179,"column":12},"end":{"line":179,"column":80}},{"start":{},"end":{}}],"line":179},"28":{"loc":{"start":{"line":186,"column":8},"end":{"line":189,"column":9}},"type":"if","locations":[{"start":{"line":186,"column":8},"end":{"line":189,"column":9}},{"start":{},"end":{}}],"line":186},"29":{"loc":{"start":{"line":186,"column":12},"end":{"line":186,"column":118}},"type":"binary-expr","locations":[{"start":{"line":186,"column":12},"end":{"line":186,"column":26}},{"start":{"line":186,"column":30},"end":{"line":186,"column":118}}],"line":186},"30":{"loc":{"start":{"line":199,"column":15},"end":{"line":199,"column":48}},"type":"binary-expr","locations":[{"start":{"line":199,"column":15},"end":{"line":199,"column":30}},{"start":{"line":199,"column":34},"end":{"line":199,"column":48}}],"line":199},"31":{"loc":{"start":{"line":201,"column":12},"end":{"line":202,"column":78}},"type":"if","locations":[{"start":{"line":201,"column":12},"end":{"line":202,"column":78}},{"start":{"line":202,"column":17},"end":{"line":202,"column":78}}],"line":201},"32":{"loc":{"start":{"line":202,"column":17},"end":{"line":202,"column":78}},"type":"if","locations":[{"start":{"line":202,"column":17},"end":{"line":202,"column":78}},{"start":{},"end":{}}],"line":202},"33":{"loc":{"start":{"line":205,"column":12},"end":{"line":205,"column":53}},"type":"if","locations":[{"start":{"line":205,"column":12},"end":{"line":205,"column":53}},{"start":{},"end":{}}],"line":205},"34":{"loc":{"start":{"line":208,"column":12},"end":{"line":208,"column":55}},"type":"if","locations":[{"start":{"line":208,"column":12},"end":{"line":208,"column":55}},{"start":{},"end":{}}],"line":208},"35":{"loc":{"start":{"line":211,"column":8},"end":{"line":212,"column":33}},"type":"if","locations":[{"start":{"line":211,"column":8},"end":{"line":212,"column":33}},{"start":{"line":212,"column":13},"end":{"line":212,"column":33}}],"line":211},"36":{"loc":{"start":{"line":221,"column":15},"end":{"line":221,"column":146}},"type":"binary-expr","locations":[{"start":{"line":221,"column":15},"end":{"line":221,"column":30}},{"start":{"line":221,"column":35},"end":{"line":221,"column":59}},{"start":{"line":221,"column":64},"end":{"line":221,"column":92}},{"start":{"line":221,"column":96},"end":{"line":221,"column":144}}],"line":221}},"s":{"0":5,"1":5,"2":5,"3":5,"4":5,"5":5,"6":5,"7":5,"8":3,"9":5,"10":5,"11":0,"12":0,"13":0,"14":0,"15":0,"16":0,"17":0,"18":0,"19":0,"20":0,"21":0,"22":0,"23":0,"24":5,"25":0,"26":0,"27":0,"28":0,"29":0,"30":0,"31":0,"32":0,"33":0,"34":0,"35":0,"36":0,"37":0,"38":0,"39":0,"40":0,"41":0,"42":0,"43":0,"44":0,"45":0,"46":0,"47":0,"48":0,"49":0,"50":0,"51":0,"52":0,"53":0,"54":0,"55":0,"56":0,"57":0,"58":0,"59":0,"60":0,"61":0,"62":0,"63":0,"64":0,"65":0,"66":0,"67":0,"68":0,"69":0,"70":0,"71":0,"72":0,"73":0,"74":0,"75":0,"76":0,"77":0,"78":0,"79":0,"80":0,"81":0,"82":0,"83":0,"84":0,"85":0,"86":0,"87":0,"88":0,"89":0,"90":0,"91":0,"92":0,"93":0,"94":0,"95":0,"96":0,"97":0,"98":0,"99":0,"100":0,"101":0,"102":0,"103":0,"104":0,"105":0,"106":0,"107":0,"108":0,"109":0,"110":0,"111":0},"f":{"0":5,"1":3,"2":5,"3":0,"4":5,"5":0,"6":0,"7":0,"8":0,"9":0,"10":0,"11":0,"12":0,"13":0,"14":0,"15":0,"16":0},"b":{"0":[0],"1":[0],"2":[0],"3":[5,0],"4":[5,5],"5":[0,0],"6":[0,0],"7":[0,0],"8":[0,0],"9":[0,0],"10":[0,0],"11":[0,0],"12":[0,0],"13":[0,0],"14":[0,0],"15":[0,0],"16":[0,0],"17":[0,0],"18":[0,0],"19":[0,0],"20":[0,0],"21":[0,0],"22":[0,0],"23":[0,0,0],"24":[0,0],"25":[0,0],"26":[0,0],"27":[0,0],"28":[0,0],"29":[0,0],"30":[0,0],"31":[0,0],"32":[0,0],"33":[0,0],"34":[0,0],"35":[0,0],"36":[0,0,0,0]},"_coverageSchema":"1a1c01bbd47fc00a2c39e90264f33305004495a9","hash":"8634f6921f4bcdebf8fc3d39ba73b9e8b700864f"}
,"C:\\Users\\morga\\c_notes\\extensible_markdown\\src\\Plugin.js": {"path":"C:\\Users\\morga\\c_notes\\extensible_markdown\\src\\Plugin.js","statementMap":{"0":{"start":{"line":6,"column":8},"end":{"line":6,"column":26}},"1":{"start":{"line":7,"column":8},"end":{"line":7,"column":38}},"2":{"start":{"line":10,"column":17},"end":{"line":10,"column":35}},"3":{"start":{"line":11,"column":21},"end":{"line":11,"column":39}},"4":{"start":{"line":12,"column":23},"end":{"line":12,"column":47}},"5":{"start":{"line":13,"column":33},"end":{"line":13,"column":63}},"6":{"start":{"line":22,"column":8},"end":{"line":22,"column":71}}},"fnMap":{"0":{"name":"(anonymous_0)","decl":{"start":{"line":5,"column":4},"end":{"line":5,"column":5}},"loc":{"start":{"line":5,"column":40},"end":{"line":8,"column":5}},"line":5},"1":{"name":"(anonymous_1)","decl":{"start":{"line":10,"column":4},"end":{"line":10,"column":5}},"loc":{"start":{"line":10,"column":15},"end":{"line":10,"column":37}},"line":10},"2":{"name":"(anonymous_2)","decl":{"start":{"line":11,"column":4},"end":{"line":11,"column":5}},"loc":{"start":{"line":11,"column":19},"end":{"line":11,"column":41}},"line":11},"3":{"name":"(anonymous_3)","decl":{"start":{"line":12,"column":4},"end":{"line":12,"column":5}},"loc":{"start":{"line":12,"column":21},"end":{"line":12,"column":49}},"line":12},"4":{"name":"(anonymous_4)","decl":{"start":{"line":13,"column":4},"end":{"line":13,"column":5}},"loc":{"start":{"line":13,"column":31},"end":{"line":13,"column":65}},"line":13},"5":{"name":"(anonymous_5)","decl":{"start":{"line":21,"column":4},"end":{"line":21,"column":5}},"loc":{"start":{"line":21,"column":24},"end":{"line":23,"column":5}},"line":21}},"branchMap":{"0":{"loc":{"start":{"line":5,"column":16},"end":{"line":5,"column":23}},"type":"default-arg","locations":[{"start":{"line":5,"column":21},"end":{"line":5,"column":23}}],"line":5},"1":{"loc":{"start":{"line":5,"column":25},"end":{"line":5,"column":38}},"type":"default-arg","locations":[{"start":{"line":5,"column":36},"end":{"line":5,"column":38}}],"line":5}},"s":{"0":7,"1":7,"2":5,"3":0,"4":0,"5":0,"6":0},"f":{"0":7,"1":5,"2":0,"3":0,"4":0,"5":0},"b":{"0":[0],"1":[7]},"_coverageSchema":"1a1c01bbd47fc00a2c39e90264f33305004495a9","hash":"9273d6b4cea1982727598fdbfee23f961b518b9c"}
,"C:\\Users\\morga\\c_notes\\extensible_markdown\\src\\Token.js": {"path":"C:\\Users\\morga\\c_notes\\extensible_markdown\\src\\Token.js","statementMap":{"0":{"start":{"line":6,"column":8},"end":{"line":6,"column":36}},"1":{"start":{"line":7,"column":8},"end":{"line":7,"column":30}},"2":{"start":{"line":11,"column":25},"end":{"line":51,"column":1}}},"fnMap":{"0":{"name":"(anonymous_0)","decl":{"start":{"line":5,"column":4},"end":{"line":5,"column":5}},"loc":{"start":{"line":5,"column":35},"end":{"line":8,"column":5}},"line":5}},"branchMap":{},"s":{"0":138,"1":138,"2":1},"f":{"0":138},"b":{},"_coverageSchema":"1a1c01bbd47fc00a2c39e90264f33305004495a9","hash":"61d8c6fe31ee857c180991b88656bde9bfe5229e"}
,"C:\\Users\\morga\\c_notes\\extensible_markdown\\src\\Tokeniser.js": {"path":"C:\\Users\\morga\\c_notes\\extensible_markdown\\src\\Tokeniser.js","statementMap":{"0":{"start":{"line":11,"column":8},"end":{"line":11,"column":24}},"1":{"start":{"line":12,"column":8},"end":{"line":12,"column":40}},"2":{"start":{"line":13,"column":8},"end":{"line":13,"column":26}},"3":{"start":{"line":14,"column":8},"end":{"line":14,"column":26}},"4":{"start":{"line":15,"column":8},"end":{"line":15,"column":32}},"5":{"start":{"line":19,"column":8},"end":{"line":22,"column":9}},"6":{"start":{"line":20,"column":12},"end":{"line":20,"column":48}},"7":{"start":{"line":21,"column":12},"end":{"line":21,"column":29}},"8":{"start":{"line":23,"column":8},"end":{"line":23,"column":56}},"9":{"start":{"line":24,"column":8},"end":{"line":24,"column":28}},"10":{"start":{"line":28,"column":31},"end":{"line":28,"column":42}},"11":{"start":{"line":30,"column":8},"end":{"line":65,"column":9}},"12":{"start":{"line":32,"column":16},"end":{"line":32,"column":69}},"13":{"start":{"line":33,"column":16},"end":{"line":33,"column":22}},"14":{"start":{"line":35,"column":16},"end":{"line":35,"column":70}},"15":{"start":{"line":36,"column":16},"end":{"line":36,"column":22}},"16":{"start":{"line":38,"column":16},"end":{"line":38,"column":72}},"17":{"start":{"line":39,"column":16},"end":{"line":39,"column":22}},"18":{"start":{"line":41,"column":16},"end":{"line":41,"column":73}},"19":{"start":{"line":42,"column":16},"end":{"line":42,"column":22}},"20":{"start":{"line":44,"column":16},"end":{"line":44,"column":72}},"21":{"start":{"line":45,"column":16},"end":{"line":45,"column":22}},"22":{"start":{"line":47,"column":16},"end":{"line":47,"column":73}},"23":{"start":{"line":48,"column":16},"end":{"line":48,"column":22}},"24":{"start":{"line":50,"column":16},"end":{"line":50,"column":72}},"25":{"start":{"line":51,"column":16},"end":{"line":51,"column":22}},"26":{"start":{"line":53,"column":16},"end":{"line":53,"column":68}},"27":{"start":{"line":54,"column":16},"end":{"line":54,"column":22}},"28":{"start":{"line":56,"column":16},"end":{"line":56,"column":67}},"29":{"start":{"line":57,"column":16},"end":{"line":57,"column":22}},"30":{"start":{"line":59,"column":16},"end":{"line":59,"column":64}},"31":{"start":{"line":60,"column":16},"end":{"line":60,"column":22}},"32":{"start":{"line":62,"column":16},"end":{"line":63,"column":89}},"33":{"start":{"line":62,"column":108},"end":{"line":62,"column":148}},"34":{"start":{"line":63,"column":21},"end":{"line":63,"column":89}},"35":{"start":{"line":64,"column":16},"end":{"line":64,"column":22}},"36":{"start":{"line":72,"column":8},"end":{"line":72,"column":42}},"37":{"start":{"line":80,"column":8},"end":{"line":81,"column":19}},"38":{"start":{"line":80,"column":47},"end":{"line":80,"column":59}},"39":{"start":{"line":81,"column":13},"end":{"line":81,"column":19}},"40":{"start":{"line":85,"column":8},"end":{"line":85,"column":48}},"41":{"start":{"line":89,"column":8},"end":{"line":89,"column":40}},"42":{"start":{"line":89,"column":28},"end":{"line":89,"column":40}},"43":{"start":{"line":90,"column":8},"end":{"line":90,"column":47}},"44":{"start":{"line":95,"column":27},"end":{"line":95,"column":68}},"45":{"start":{"line":96,"column":18},"end":{"line":96,"column":25}},"46":{"start":{"line":99,"column":8},"end":{"line":103,"column":9}},"47":{"start":{"line":100,"column":12},"end":{"line":100,"column":36}},"48":{"start":{"line":101,"column":12},"end":{"line":101,"column":71}},"49":{"start":{"line":102,"column":12},"end":{"line":102,"column":29}},"50":{"start":{"line":104,"column":27},"end":{"line":104,"column":74}},"51":{"start":{"line":104,"column":60},"end":{"line":104,"column":73}},"52":{"start":{"line":105,"column":8},"end":{"line":106,"column":46}},"53":{"start":{"line":105,"column":24},"end":{"line":105,"column":87}},"54":{"start":{"line":106,"column":13},"end":{"line":106,"column":46}}},"fnMap":{"0":{"name":"(anonymous_0)","decl":{"start":{"line":10,"column":4},"end":{"line":10,"column":5}},"loc":{"start":{"line":10,"column":34},"end":{"line":16,"column":5}},"line":10},"1":{"name":"(anonymous_1)","decl":{"start":{"line":18,"column":4},"end":{"line":18,"column":5}},"loc":{"start":{"line":18,"column":15},"end":{"line":25,"column":5}},"line":18},"2":{"name":"(anonymous_2)","decl":{"start":{"line":27,"column":4},"end":{"line":27,"column":5}},"loc":{"start":{"line":27,"column":16},"end":{"line":66,"column":5}},"line":27},"3":{"name":"(anonymous_3)","decl":{"start":{"line":71,"column":4},"end":{"line":71,"column":5}},"loc":{"start":{"line":71,"column":11},"end":{"line":73,"column":5}},"line":71},"4":{"name":"(anonymous_4)","decl":{"start":{"line":79,"column":4},"end":{"line":79,"column":5}},"loc":{"start":{"line":79,"column":14},"end":{"line":82,"column":5}},"line":79},"5":{"name":"(anonymous_5)","decl":{"start":{"line":84,"column":4},"end":{"line":84,"column":5}},"loc":{"start":{"line":84,"column":26},"end":{"line":86,"column":5}},"line":84},"6":{"name":"(anonymous_6)","decl":{"start":{"line":88,"column":4},"end":{"line":88,"column":5}},"loc":{"start":{"line":88,"column":11},"end":{"line":91,"column":5}},"line":88},"7":{"name":"(anonymous_7)","decl":{"start":{"line":93,"column":4},"end":{"line":93,"column":5}},"loc":{"start":{"line":93,"column":30},"end":{"line":107,"column":5}},"line":93},"8":{"name":"(anonymous_8)","decl":{"start":{"line":104,"column":50},"end":{"line":104,"column":51}},"loc":{"start":{"line":104,"column":60},"end":{"line":104,"column":73}},"line":104}},"branchMap":{"0":{"loc":{"start":{"line":30,"column":8},"end":{"line":65,"column":9}},"type":"switch","locations":[{"start":{"line":31,"column":12},"end":{"line":33,"column":22}},{"start":{"line":34,"column":12},"end":{"line":36,"column":22}},{"start":{"line":37,"column":12},"end":{"line":39,"column":22}},{"start":{"line":40,"column":12},"end":{"line":42,"column":22}},{"start":{"line":43,"column":12},"end":{"line":45,"column":22}},{"start":{"line":46,"column":12},"end":{"line":48,"column":22}},{"start":{"line":49,"column":12},"end":{"line":51,"column":22}},{"start":{"line":52,"column":12},"end":{"line":54,"column":22}},{"start":{"line":55,"column":12},"end":{"line":57,"column":22}},{"start":{"line":58,"column":12},"end":{"line":60,"column":22}},{"start":{"line":61,"column":12},"end":{"line":64,"column":22}}],"line":30},"1":{"loc":{"start":{"line":62,"column":16},"end":{"line":63,"column":89}},"type":"if","locations":[{"start":{"line":62,"column":16},"end":{"line":63,"column":89}},{"start":{"line":63,"column":21},"end":{"line":63,"column":89}}],"line":62},"2":{"loc":{"start":{"line":62,"column":20},"end":{"line":62,"column":106}},"type":"binary-expr","locations":[{"start":{"line":62,"column":20},"end":{"line":62,"column":50}},{"start":{"line":62,"column":54},"end":{"line":62,"column":106}}],"line":62},"3":{"loc":{"start":{"line":80,"column":8},"end":{"line":81,"column":19}},"type":"if","locations":[{"start":{"line":80,"column":8},"end":{"line":81,"column":19}},{"start":{"line":81,"column":13},"end":{"line":81,"column":19}}],"line":80},"4":{"loc":{"start":{"line":84,"column":12},"end":{"line":84,"column":24}},"type":"default-arg","locations":[{"start":{"line":84,"column":22},"end":{"line":84,"column":24}}],"line":84},"5":{"loc":{"start":{"line":89,"column":8},"end":{"line":89,"column":40}},"type":"if","locations":[{"start":{"line":89,"column":8},"end":{"line":89,"column":40}},{"start":{},"end":{}}],"line":89},"6":{"loc":{"start":{"line":105,"column":8},"end":{"line":106,"column":46}},"type":"if","locations":[{"start":{"line":105,"column":8},"end":{"line":106,"column":46}},{"start":{"line":106,"column":13},"end":{"line":106,"column":46}}],"line":105}},"s":{"0":5,"1":5,"2":5,"3":5,"4":5,"5":5,"6":124,"7":124,"8":5,"9":5,"10":124,"11":124,"12":0,"13":0,"14":3,"15":3,"16":2,"17":2,"18":3,"19":3,"20":3,"21":3,"22":3,"23":3,"24":0,"25":0,"26":2,"27":2,"28":1,"29":1,"30":3,"31":3,"32":104,"33":3,"34":101,"35":104,"36":133,"37":141,"38":5,"39":136,"40":116,"41":12,"42":0,"43":12,"44":3,"45":3,"46":3,"47":9,"48":9,"49":9,"50":3,"51":3,"52":3,"53":0,"54":3},"f":{"0":5,"1":5,"2":124,"3":133,"4":141,"5":116,"6":12,"7":3,"8":3},"b":{"0":[0,3,2,3,3,3,0,2,1,3,104],"1":[3,101],"2":[104,65],"3":[5,136],"4":[0],"5":[0,12],"6":[0,3]},"_coverageSchema":"1a1c01bbd47fc00a2c39e90264f33305004495a9","hash":"d969aece77ce07991f7078f921c3a0b79ed84b2e"}
,"C:\\Users\\morga\\c_notes\\extensible_markdown\\src\\plugins.js": {"path":"C:\\Users\\morga\\c_notes\\extensible_markdown\\src\\plugins.js","statementMap":{"0":{"start":{"line":6,"column":8},"end":{"line":6,"column":31}},"1":{"start":{"line":10,"column":8},"end":{"line":10,"column":103}},"2":{"start":{"line":10,"column":39},"end":{"line":10,"column":81}},"3":{"start":{"line":10,"column":84},"end":{"line":10,"column":103}},"4":{"start":{"line":11,"column":8},"end":{"line":11,"column":27}},"5":{"start":{"line":18,"column":15},"end":{"line":18,"column":17}},"6":{"start":{"line":21,"column":8},"end":{"line":21,"column":19}},"7":{"start":{"line":25,"column":8},"end":{"line":25,"column":63}},"8":{"start":{"line":31,"column":8},"end":{"line":31,"column":20}},"9":{"start":{"line":35,"column":8},"end":{"line":35,"column":27}},"10":{"start":{"line":41,"column":8},"end":{"line":41,"column":23}},"11":{"start":{"line":48,"column":8},"end":{"line":48,"column":26}},"12":{"start":{"line":49,"column":8},"end":{"line":57,"column":1}},"13":{"start":{"line":64,"column":8},"end":{"line":72,"column":2}},"14":{"start":{"line":81,"column":7},"end":{"line":81,"column":24}},"15":{"start":{"line":85,"column":7},"end":{"line":91,"column":8}},"16":{"start":{"line":87,"column":11},"end":{"line":87,"column":42}},"17":{"start":{"line":89,"column":11},"end":{"line":89,"column":27}},"18":{"start":{"line":90,"column":11},"end":{"line":90,"column":21}}},"fnMap":{"0":{"name":"(anonymous_0)","decl":{"start":{"line":5,"column":4},"end":{"line":5,"column":5}},"loc":{"start":{"line":5,"column":18},"end":{"line":7,"column":5}},"line":5},"1":{"name":"(anonymous_1)","decl":{"start":{"line":9,"column":4},"end":{"line":9,"column":5}},"loc":{"start":{"line":9,"column":24},"end":{"line":12,"column":5}},"line":9},"2":{"name":"(anonymous_2)","decl":{"start":{"line":10,"column":34},"end":{"line":10,"column":35}},"loc":{"start":{"line":10,"column":39},"end":{"line":10,"column":81}},"line":10},"3":{"name":"(anonymous_3)","decl":{"start":{"line":20,"column":4},"end":{"line":20,"column":5}},"loc":{"start":{"line":20,"column":18},"end":{"line":22,"column":5}},"line":20},"4":{"name":"(anonymous_4)","decl":{"start":{"line":24,"column":4},"end":{"line":24,"column":5}},"loc":{"start":{"line":24,"column":24},"end":{"line":26,"column":5}},"line":24},"5":{"name":"(anonymous_5)","decl":{"start":{"line":30,"column":4},"end":{"line":30,"column":5}},"loc":{"start":{"line":30,"column":18},"end":{"line":32,"column":5}},"line":30},"6":{"name":"(anonymous_6)","decl":{"start":{"line":34,"column":4},"end":{"line":34,"column":5}},"loc":{"start":{"line":34,"column":24},"end":{"line":36,"column":5}},"line":34},"7":{"name":"(anonymous_7)","decl":{"start":{"line":40,"column":4},"end":{"line":40,"column":5}},"loc":{"start":{"line":40,"column":29},"end":{"line":42,"column":5}},"line":40},"8":{"name":"(anonymous_8)","decl":{"start":{"line":47,"column":4},"end":{"line":47,"column":5}},"loc":{"start":{"line":47,"column":29},"end":{"line":58,"column":5}},"line":47},"9":{"name":"(anonymous_9)","decl":{"start":{"line":63,"column":4},"end":{"line":63,"column":5}},"loc":{"start":{"line":63,"column":25},"end":{"line":73,"column":5}},"line":63},"10":{"name":"(anonymous_10)","decl":{"start":{"line":80,"column":3},"end":{"line":80,"column":4}},"loc":{"start":{"line":80,"column":17},"end":{"line":82,"column":4}},"line":80},"11":{"name":"(anonymous_11)","decl":{"start":{"line":84,"column":3},"end":{"line":84,"column":4}},"loc":{"start":{"line":84,"column":23},"end":{"line":92,"column":4}},"line":84}},"branchMap":{"0":{"loc":{"start":{"line":10,"column":8},"end":{"line":10,"column":103}},"type":"if","locations":[{"start":{"line":10,"column":8},"end":{"line":10,"column":103}},{"start":{},"end":{}}],"line":10},"1":{"loc":{"start":{"line":10,"column":39},"end":{"line":10,"column":81}},"type":"binary-expr","locations":[{"start":{"line":10,"column":39},"end":{"line":10,"column":56}},{"start":{"line":10,"column":60},"end":{"line":10,"column":81}}],"line":10},"2":{"loc":{"start":{"line":66,"column":10},"end":{"line":66,"column":51}},"type":"binary-expr","locations":[{"start":{"line":66,"column":10},"end":{"line":66,"column":45}},{"start":{"line":66,"column":49},"end":{"line":66,"column":51}}],"line":66}},"s":{"0":0,"1":0,"2":0,"3":0,"4":0,"5":2,"6":2,"7":3,"8":0,"9":0,"10":3,"11":0,"12":0,"13":0,"14":5,"15":0,"16":0,"17":0,"18":0},"f":{"0":0,"1":0,"2":0,"3":2,"4":3,"5":0,"6":0,"7":3,"8":0,"9":0,"10":5,"11":0},"b":{"0":[0,0],"1":[0,0],"2":[0,0]},"_coverageSchema":"1a1c01bbd47fc00a2c39e90264f33305004495a9","hash":"b1ee3b9c9d08d5871c61af7b7ba31449f1fc558e"}
}
