TN:
SF:emdx.js
FN:9,(anonymous_0)
FN:14,(anonymous_1)
FN:18,(anonymous_2)
FN:20,(anonymous_3)
FNF:4
FNH:3
FNDA:5,(anonymous_0)
FNDA:0,(anonymous_1)
FNDA:5,(anonymous_2)
FNDA:5,(anonymous_3)
DA:10,5
DA:11,5
DA:15,0
DA:20,5
DA:21,5
DA:24,5
DA:25,5
DA:28,5
DA:31,3
DA:32,3
LF:10
LH:9
BRDA:9,0,0,5
BRDA:18,1,0,2
BRDA:18,2,0,2
BRDA:28,3,0,2
BRDA:28,3,1,3
BRDA:31,4,0,3
BRDA:31,4,1,3
BRF:7
BRH:7
end_of_record
TN:
SF:src\DocTypePlugin.js
FN:7,(anonymous_0)
FNF:1
FNH:0
FNDA:0,(anonymous_0)
DA:8,0
LF:1
LH:0
BRF:0
BRH:0
end_of_record
TN:
SF:src\Parser.js
FN:22,(anonymous_0)
FN:41,(anonymous_1)
FN:43,(anonymous_2)
FN:58,(anonymous_3)
FN:66,(anonymous_4)
FN:71,(anonymous_5)
FN:75,(anonymous_6)
FN:79,(anonymous_7)
FN:84,(anonymous_8)
FN:89,(anonymous_9)
FN:94,(anonymous_10)
FN:99,(anonymous_11)
FN:109,(anonymous_12)
FN:128,(anonymous_13)
FN:151,(anonymous_14)
FN:193,(anonymous_15)
FN:215,(anonymous_16)
FNF:17
FNH:4
FNDA:5,(anonymous_0)
FNDA:3,(anonymous_1)
FNDA:5,(anonymous_2)
FNDA:0,(anonymous_3)
FNDA:5,(anonymous_4)
FNDA:0,(anonymous_5)
FNDA:0,(anonymous_6)
FNDA:0,(anonymous_7)
FNDA:0,(anonymous_8)
FNDA:0,(anonymous_9)
FNDA:0,(anonymous_10)
FNDA:0,(anonymous_11)
FNDA:0,(anonymous_12)
FNDA:0,(anonymous_13)
FNDA:0,(anonymous_14)
FNDA:0,(anonymous_15)
FNDA:0,(anonymous_16)
DA:23,5
DA:24,5
DA:25,5
DA:26,5
DA:27,5
DA:28,5
DA:29,5
DA:30,5
DA:41,3
DA:45,5
DA:50,0
DA:51,0
DA:54,0
DA:57,0
DA:58,0
DA:59,0
DA:60,0
DA:61,0
DA:63,0
DA:68,5
DA:72,0
DA:76,0
DA:80,0
DA:81,0
DA:85,0
DA:86,0
DA:90,0
DA:91,0
DA:95,0
DA:96,0
DA:100,0
DA:101,0
DA:102,0
DA:111,0
DA:113,0
DA:114,0
DA:115,0
DA:118,0
DA:121,0
DA:122,0
DA:125,0
DA:129,0
DA:130,0
DA:131,0
DA:133,0
DA:134,0
DA:137,0
DA:139,0
DA:140,0
DA:143,0
DA:152,0
DA:154,0
DA:156,0
DA:162,0
DA:165,0
DA:166,0
DA:169,0
DA:170,0
DA:173,0
DA:176,0
DA:178,0
DA:179,0
DA:182,0
DA:186,0
DA:187,0
DA:188,0
DA:190,0
DA:194,0
DA:195,0
DA:196,0
DA:197,0
DA:199,0
DA:200,0
DA:201,0
DA:202,0
DA:205,0
DA:208,0
DA:211,0
DA:212,0
DA:216,0
DA:220,0
DA:221,0
DA:222,0
DA:224,0
DA:225,0
LF:85
LH:11
BRDA:22,0,0,0
BRDA:22,1,0,0
BRDA:22,2,0,0
BRDA:45,3,0,5
BRDA:45,3,1,0
BRDA:45,4,0,5
BRDA:45,4,1,5
BRDA:59,5,0,0
BRDA:59,5,1,0
BRDA:60,6,0,0
BRDA:60,6,1,0
BRDA:72,7,0,0
BRDA:72,7,1,0
BRDA:80,8,0,0
BRDA:80,8,1,0
BRDA:85,9,0,0
BRDA:85,9,1,0
BRDA:90,10,0,0
BRDA:90,10,1,0
BRDA:95,11,0,0
BRDA:95,11,1,0
BRDA:95,12,0,0
BRDA:95,12,1,0
BRDA:100,13,0,0
BRDA:100,13,1,0
BRDA:111,14,0,0
BRDA:111,14,1,0
BRDA:111,15,0,0
BRDA:111,15,1,0
BRDA:118,16,0,0
BRDA:118,16,1,0
BRDA:133,17,0,0
BRDA:133,17,1,0
BRDA:133,18,0,0
BRDA:133,18,1,0
BRDA:137,19,0,0
BRDA:137,19,1,0
BRDA:154,20,0,0
BRDA:154,20,1,0
BRDA:162,21,0,0
BRDA:162,21,1,0
BRDA:166,22,0,0
BRDA:166,22,1,0
BRDA:166,23,0,0
BRDA:166,23,1,0
BRDA:166,23,2,0
BRDA:170,24,0,0
BRDA:170,24,1,0
BRDA:173,25,0,0
BRDA:173,25,1,0
BRDA:176,26,0,0
BRDA:176,26,1,0
BRDA:179,27,0,0
BRDA:179,27,1,0
BRDA:186,28,0,0
BRDA:186,28,1,0
BRDA:186,29,0,0
BRDA:186,29,1,0
BRDA:199,30,0,0
BRDA:199,30,1,0
BRDA:201,31,0,0
BRDA:201,31,1,0
BRDA:202,32,0,0
BRDA:202,32,1,0
BRDA:205,33,0,0
BRDA:205,33,1,0
BRDA:208,34,0,0
BRDA:208,34,1,0
BRDA:211,35,0,0
BRDA:211,35,1,0
BRDA:221,36,0,0
BRDA:221,36,1,0
BRDA:221,36,2,0
BRDA:221,36,3,0
BRF:74
BRH:3
end_of_record
TN:
SF:src\Plugin.js
FN:5,(anonymous_0)
FN:10,(anonymous_1)
FN:11,(anonymous_2)
FN:12,(anonymous_3)
FN:13,(anonymous_4)
FN:21,(anonymous_5)
FNF:6
FNH:2
FNDA:7,(anonymous_0)
FNDA:5,(anonymous_1)
FNDA:0,(anonymous_2)
FNDA:0,(anonymous_3)
FNDA:0,(anonymous_4)
FNDA:0,(anonymous_5)
DA:6,7
DA:7,7
DA:10,5
DA:11,0
DA:12,0
DA:13,0
DA:22,0
LF:7
LH:3
BRDA:5,0,0,0
BRDA:5,1,0,7
BRF:2
BRH:1
end_of_record
TN:
SF:src\Token.js
FN:5,(anonymous_0)
FNF:1
FNH:1
FNDA:138,(anonymous_0)
DA:6,138
DA:7,138
DA:11,1
LF:3
LH:3
BRF:0
BRH:0
end_of_record
TN:
SF:src\Tokeniser.js
FN:10,(anonymous_0)
FN:18,(anonymous_1)
FN:27,(anonymous_2)
FN:71,(anonymous_3)
FN:79,(anonymous_4)
FN:84,(anonymous_5)
FN:88,(anonymous_6)
FN:93,(anonymous_7)
FN:104,(anonymous_8)
FNF:9
FNH:9
FNDA:5,(anonymous_0)
FNDA:5,(anonymous_1)
FNDA:124,(anonymous_2)
FNDA:133,(anonymous_3)
FNDA:141,(anonymous_4)
FNDA:116,(anonymous_5)
FNDA:12,(anonymous_6)
FNDA:3,(anonymous_7)
FNDA:3,(anonymous_8)
DA:11,5
DA:12,5
DA:13,5
DA:14,5
DA:15,5
DA:19,5
DA:20,124
DA:21,124
DA:23,5
DA:24,5
DA:28,124
DA:30,124
DA:32,0
DA:33,0
DA:35,3
DA:36,3
DA:38,2
DA:39,2
DA:41,3
DA:42,3
DA:44,3
DA:45,3
DA:47,3
DA:48,3
DA:50,0
DA:51,0
DA:53,2
DA:54,2
DA:56,1
DA:57,1
DA:59,3
DA:60,3
DA:62,104
DA:63,101
DA:64,104
DA:72,133
DA:80,141
DA:81,136
DA:85,116
DA:89,12
DA:90,12
DA:95,3
DA:96,3
DA:99,3
DA:100,9
DA:101,9
DA:102,9
DA:104,3
DA:105,3
DA:106,3
LF:50
LH:46
BRDA:30,0,0,0
BRDA:30,0,1,3
BRDA:30,0,2,2
BRDA:30,0,3,3
BRDA:30,0,4,3
BRDA:30,0,5,3
BRDA:30,0,6,0
BRDA:30,0,7,2
BRDA:30,0,8,1
BRDA:30,0,9,3
BRDA:30,0,10,104
BRDA:62,1,0,3
BRDA:62,1,1,101
BRDA:62,2,0,104
BRDA:62,2,1,65
BRDA:80,3,0,5
BRDA:80,3,1,136
BRDA:84,4,0,0
BRDA:89,5,0,0
BRDA:89,5,1,12
BRDA:105,6,0,0
BRDA:105,6,1,3
BRF:22
BRH:17
end_of_record
TN:
SF:src\plugins.js
FN:5,(anonymous_0)
FN:9,(anonymous_1)
FN:10,(anonymous_2)
FN:20,(anonymous_3)
FN:24,(anonymous_4)
FN:30,(anonymous_5)
FN:34,(anonymous_6)
FN:40,(anonymous_7)
FN:47,(anonymous_8)
FN:63,(anonymous_9)
FN:80,(anonymous_10)
FN:84,(anonymous_11)
FNF:12
FNH:4
FNDA:0,(anonymous_0)
FNDA:0,(anonymous_1)
FNDA:0,(anonymous_2)
FNDA:2,(anonymous_3)
FNDA:3,(anonymous_4)
FNDA:0,(anonymous_5)
FNDA:0,(anonymous_6)
FNDA:3,(anonymous_7)
FNDA:0,(anonymous_8)
FNDA:0,(anonymous_9)
FNDA:5,(anonymous_10)
FNDA:0,(anonymous_11)
DA:6,0
DA:10,0
DA:11,0
DA:18,2
DA:21,2
DA:25,3
DA:31,0
DA:35,0
DA:41,3
DA:48,0
DA:49,0
DA:64,0
DA:81,5
DA:85,0
DA:87,0
DA:89,0
DA:90,0
LF:17
LH:5
BRDA:10,0,0,0
BRDA:10,0,1,0
BRDA:10,1,0,0
BRDA:10,1,1,0
BRDA:66,2,0,0
BRDA:66,2,1,0
BRF:6
BRH:0
end_of_record
